<?xml version="1.0" encoding="UTF-8"?>
<!-- Generated by org.testng.reporters.JUnitXMLReporter -->
<testsuite hostname="Dhaval0704" name="Command line test" tests="5" failures="2" timestamp="5 Mar 2016 14:30:57 GMT" time="6.332" errors="0">
  <testcase name="" time="0.397" classname="gapp.model.dao.ApplicationDaoTest$ApplicationDaoTests">
    <failure type="java.lang.AssertionError">
      <![CDATA[java.lang.AssertionError
	at gapp.model.dao.ApplicationDaoTest$ApplicationDaoTests.getApplication(ApplicationDaoTest.java:20)
	at org.springframework.test.context.testng.AbstractTestNGSpringContextTests.run(AbstractTestNGSpringContextTests.java:175)
... Removed 36 stack frames]]>
    </failure>
  </testcase> <!--  -->
  <testcase name="" time="0.017" classname="gapp.model.dao.ApplicationDaoTest$ApplicationDaoTests">
    <failure type="java.lang.AssertionError">
      <![CDATA[java.lang.AssertionError
	at gapp.model.dao.ApplicationDaoTest$ApplicationDaoTests.getApplicationByStudent(ApplicationDaoTest.java:26)
	at org.springframework.test.context.testng.AbstractTestNGSpringContextTests.run(AbstractTestNGSpringContextTests.java:175)
... Removed 36 stack frames]]>
    </failure>
  </testcase> <!--  -->
  <testcase name="" time="0.008" classname="gapp.model.dao.DepartmentDaoTest"/>
  <testcase name="" time="0.003" classname="gapp.model.dao.UserDaoTest$UserDaoTests"/>
  <testcase name="" time="0.008" classname="gapp.model.dao.UserDaoTest$UserDaoTests"/>
</testsuite> <!-- Command line test -->
